{
  "/Users/tzt756/workspace/test-project/dist/src/app.js": {
    "path": "/Users/tzt756/workspace/test-project/dist/src/app.js",
    "statementMap": {
      "0": {
        "start": { "line": 2, "column": 22 },
        "end": { "line": 4, "column": 1 }
      },
      "1": {
        "start": { "line": 3, "column": 4 },
        "end": { "line": 3, "column": 62 }
      },
      "2": {
        "start": { "line": 5, "column": 0 },
        "end": { "line": 5, "column": 62 }
      },
      "3": {
        "start": { "line": 6, "column": 18 },
        "end": { "line": 6, "column": 53 }
      },
      "4": {
        "start": { "line": 7, "column": 22 },
        "end": { "line": 7, "column": 61 }
      },
      "5": {
        "start": { "line": 8, "column": 17 },
        "end": { "line": 8, "column": 60 }
      },
      "6": {
        "start": { "line": 9, "column": 17 },
        "end": { "line": 9, "column": 59 }
      },
      "7": {
        "start": { "line": 10, "column": 17 },
        "end": { "line": 10, "column": 59 }
      },
      "8": {
        "start": { "line": 11, "column": 16 },
        "end": { "line": 11, "column": 34 }
      },
      "9": {
        "start": { "line": 12, "column": 12 },
        "end": { "line": 12, "column": 36 }
      },
      "10": {
        "start": { "line": 13, "column": 0 },
        "end": { "line": 13, "column": 38 }
      },
      "11": {
        "start": { "line": 14, "column": 0 },
        "end": { "line": 14, "column": 34 }
      },
      "12": {
        "start": { "line": 15, "column": 0 },
        "end": { "line": 15, "column": 34 }
      },
      "13": {
        "start": { "line": 16, "column": 0 },
        "end": { "line": 16, "column": 34 }
      },
      "14": {
        "start": { "line": 17, "column": 0 },
        "end": { "line": 17, "column": 46 }
      },
      "15": {
        "start": { "line": 18, "column": 21 },
        "end": { "line": 21, "column": 1 }
      },
      "16": {
        "start": { "line": 19, "column": 4 },
        "end": { "line": 19, "column": 21 }
      },
      "17": {
        "start": { "line": 20, "column": 4 },
        "end": { "line": 20, "column": 49 }
      },
      "18": {
        "start": { "line": 22, "column": 0 },
        "end": { "line": 22, "column": 22 }
      },
      "19": {
        "start": { "line": 23, "column": 0 },
        "end": { "line": 23, "column": 22 }
      }
    },
    "fnMap": {
      "0": {
        "name": "(anonymous_0)",
        "decl": {
          "start": { "line": 2, "column": 56 },
          "end": { "line": 2, "column": 57 }
        },
        "loc": {
          "start": { "line": 2, "column": 71 },
          "end": { "line": 4, "column": 1 }
        },
        "line": 2
      },
      "1": {
        "name": "(anonymous_1)",
        "decl": {
          "start": { "line": 18, "column": 21 },
          "end": { "line": 18, "column": 22 }
        },
        "loc": {
          "start": { "line": 18, "column": 52 },
          "end": { "line": 21, "column": 1 }
        },
        "line": 18
      }
    },
    "branchMap": {
      "0": {
        "loc": {
          "start": { "line": 2, "column": 22 },
          "end": { "line": 4, "column": 1 }
        },
        "type": "binary-expr",
        "locations": [
          {
            "start": {
              "line": 2,
              "column": 23
            },
            "end": {
              "line": 2,
              "column": 27
            }
          },
          {
            "start": {
              "line": 2,
              "column": 31
            },
            "end": {
              "line": 2,
              "column": 51
            }
          },
          {
            "start": {
              "line": 2,
              "column": 56
            },
            "end": {
              "line": 4,
              "column": 1
            }
          }
        ],
        "line": 2
      },
      "1": {
        "loc": {
          "start": { "line": 3, "column": 11 },
          "end": { "line": 3, "column": 61 }
        },
        "type": "cond-expr",
        "locations": [
          {
            "start": {
              "line": 3,
              "column": 37
            },
            "end": {
              "line": 3,
              "column": 40
            }
          },
          {
            "start": {
              "line": 3,
              "column": 43
            },
            "end": {
              "line": 3,
              "column": 61
            }
          }
        ],
        "line": 3
      },
      "2": {
        "loc": {
          "start": { "line": 3, "column": 12 },
          "end": { "line": 3, "column": 33 }
        },
        "type": "binary-expr",
        "locations": [
          {
            "start": {
              "line": 3,
              "column": 12
            },
            "end": {
              "line": 3,
              "column": 15
            }
          },
          {
            "start": {
              "line": 3,
              "column": 19
            },
            "end": {
              "line": 3,
              "column": 33
            }
          }
        ],
        "line": 3
      }
    },
    "s": {
      "0": 2,
      "1": 10,
      "2": 2,
      "3": 2,
      "4": 2,
      "5": 2,
      "6": 2,
      "7": 2,
      "8": 2,
      "9": 2,
      "10": 2,
      "11": 2,
      "12": 2,
      "13": 2,
      "14": 2,
      "15": 2,
      "16": 0,
      "17": 0,
      "18": 2,
      "19": 2
    },
    "f": { "0": 10, "1": 0 },
    "b": { "0": [2, 2, 2], "1": [6, 4], "2": [10, 10] },
    "inputSourceMap": null,
    "_coverageSchema": "1a1c01bbd47fc00a2c39e90264f33305004495a9",
    "hash": "23bc14fa823c9c468bff050d4d3ff00c46d4cb85"
  },
  "/Users/tzt756/workspace/test-project/dist/src/cache.js": {
    "path": "/Users/tzt756/workspace/test-project/dist/src/cache.js",
    "statementMap": {
      "0": {
        "start": { "line": 2, "column": 16 },
        "end": { "line": 10, "column": 1 }
      },
      "1": {
        "start": { "line": 3, "column": 28 },
        "end": { "line": 3, "column": 110 }
      },
      "2": {
        "start": { "line": 3, "column": 91 },
        "end": { "line": 3, "column": 106 }
      },
      "3": {
        "start": { "line": 4, "column": 4 },
        "end": { "line": 9, "column": 7 }
      },
      "4": {
        "start": { "line": 5, "column": 36 },
        "end": { "line": 5, "column": 97 }
      },
      "5": {
        "start": { "line": 5, "column": 42 },
        "end": { "line": 5, "column": 70 }
      },
      "6": {
        "start": { "line": 5, "column": 85 },
        "end": { "line": 5, "column": 95 }
      },
      "7": {
        "start": { "line": 6, "column": 35 },
        "end": { "line": 6, "column": 100 }
      },
      "8": {
        "start": { "line": 6, "column": 41 },
        "end": { "line": 6, "column": 73 }
      },
      "9": {
        "start": { "line": 6, "column": 88 },
        "end": { "line": 6, "column": 98 }
      },
      "10": {
        "start": { "line": 7, "column": 32 },
        "end": { "line": 7, "column": 116 }
      },
      "11": {
        "start": { "line": 8, "column": 8 },
        "end": { "line": 8, "column": 78 }
      },
      "12": {
        "start": { "line": 11, "column": 22 },
        "end": { "line": 13, "column": 1 }
      },
      "13": {
        "start": { "line": 12, "column": 4 },
        "end": { "line": 12, "column": 62 }
      },
      "14": {
        "start": { "line": 14, "column": 0 },
        "end": { "line": 14, "column": 62 }
      },
      "15": {
        "start": { "line": 15, "column": 0 },
        "end": { "line": 15, "column": 59 }
      },
      "16": {
        "start": { "line": 16, "column": 18 },
        "end": { "line": 16, "column": 53 }
      },
      "17": {
        "start": { "line": 17, "column": 15 },
        "end": { "line": 20, "column": 2 }
      },
      "18": {
        "start": { "line": 21, "column": 0 },
        "end": { "line": 23, "column": 3 }
      },
      "19": {
        "start": { "line": 22, "column": 4 },
        "end": { "line": 22, "column": 39 }
      },
      "20": {
        "start": { "line": 24, "column": 24 },
        "end": { "line": 39, "column": 2 }
      },
      "21": {
        "start": { "line": 24, "column": 44 },
        "end": { "line": 39, "column": 2 }
      },
      "22": {
        "start": { "line": 25, "column": 16 },
        "end": { "line": 25, "column": 31 }
      },
      "23": {
        "start": { "line": 26, "column": 4 },
        "end": { "line": 38, "column": 5 }
      },
      "24": {
        "start": { "line": 27, "column": 21 },
        "end": { "line": 27, "column": 42 }
      },
      "25": {
        "start": { "line": 28, "column": 8 },
        "end": { "line": 33, "column": 9 }
      },
      "26": {
        "start": { "line": 29, "column": 12 },
        "end": { "line": 29, "column": 39 }
      },
      "27": {
        "start": { "line": 32, "column": 12 },
        "end": { "line": 32, "column": 19 }
      },
      "28": {
        "start": { "line": 36, "column": 8 },
        "end": { "line": 36, "column": 47 }
      },
      "29": {
        "start": { "line": 37, "column": 8 },
        "end": { "line": 37, "column": 15 }
      },
      "30": {
        "start": { "line": 40, "column": 0 },
        "end": { "line": 40, "column": 42 }
      },
      "31": {
        "start": { "line": 41, "column": 24 },
        "end": { "line": 54, "column": 2 }
      },
      "32": {
        "start": { "line": 41, "column": 38 },
        "end": { "line": 54, "column": 2 }
      },
      "33": {
        "start": { "line": 42, "column": 16 },
        "end": { "line": 42, "column": 29 }
      },
      "34": {
        "start": { "line": 43, "column": 4 },
        "end": { "line": 53, "column": 5 }
      },
      "35": {
        "start": { "line": 44, "column": 25 },
        "end": { "line": 44, "column": 46 }
      },
      "36": {
        "start": { "line": 45, "column": 8 },
        "end": { "line": 50, "column": 9 }
      },
      "37": {
        "start": { "line": 46, "column": 12 },
        "end": { "line": 46, "column": 72 }
      },
      "38": {
        "start": { "line": 49, "column": 12 },
        "end": { "line": 49, "column": 74 }
      },
      "39": {
        "start": { "line": 55, "column": 0 },
        "end": { "line": 55, "column": 42 }
      }
    },
    "fnMap": {
      "0": {
        "name": "(anonymous_0)",
        "decl": {
          "start": { "line": 2, "column": 44 },
          "end": { "line": 2, "column": 45 }
        },
        "loc": {
          "start": { "line": 2, "column": 89 },
          "end": { "line": 10, "column": 1 }
        },
        "line": 2
      },
      "1": {
        "name": "adopt",
        "decl": {
          "start": { "line": 3, "column": 13 },
          "end": { "line": 3, "column": 18 }
        },
        "loc": {
          "start": { "line": 3, "column": 26 },
          "end": { "line": 3, "column": 112 }
        },
        "line": 3
      },
      "2": {
        "name": "(anonymous_2)",
        "decl": {
          "start": { "line": 3, "column": 70 },
          "end": { "line": 3, "column": 71 }
        },
        "loc": {
          "start": { "line": 3, "column": 89 },
          "end": { "line": 3, "column": 108 }
        },
        "line": 3
      },
      "3": {
        "name": "(anonymous_3)",
        "decl": {
          "start": { "line": 4, "column": 36 },
          "end": { "line": 4, "column": 37 }
        },
        "loc": {
          "start": { "line": 4, "column": 63 },
          "end": { "line": 9, "column": 5 }
        },
        "line": 4
      },
      "4": {
        "name": "fulfilled",
        "decl": {
          "start": { "line": 5, "column": 17 },
          "end": { "line": 5, "column": 26 }
        },
        "loc": {
          "start": { "line": 5, "column": 34 },
          "end": { "line": 5, "column": 99 }
        },
        "line": 5
      },
      "5": {
        "name": "rejected",
        "decl": {
          "start": { "line": 6, "column": 17 },
          "end": { "line": 6, "column": 25 }
        },
        "loc": {
          "start": { "line": 6, "column": 33 },
          "end": { "line": 6, "column": 102 }
        },
        "line": 6
      },
      "6": {
        "name": "step",
        "decl": {
          "start": { "line": 7, "column": 17 },
          "end": { "line": 7, "column": 21 }
        },
        "loc": {
          "start": { "line": 7, "column": 30 },
          "end": { "line": 7, "column": 118 }
        },
        "line": 7
      },
      "7": {
        "name": "(anonymous_7)",
        "decl": {
          "start": { "line": 11, "column": 56 },
          "end": { "line": 11, "column": 57 }
        },
        "loc": {
          "start": { "line": 11, "column": 71 },
          "end": { "line": 13, "column": 1 }
        },
        "line": 11
      },
      "8": {
        "name": "(anonymous_8)",
        "decl": {
          "start": { "line": 21, "column": 19 },
          "end": { "line": 21, "column": 20 }
        },
        "loc": {
          "start": { "line": 21, "column": 25 },
          "end": { "line": 23, "column": 1 }
        },
        "line": 21
      },
      "9": {
        "name": "(anonymous_9)",
        "decl": {
          "start": { "line": 24, "column": 24 },
          "end": { "line": 24, "column": 25 }
        },
        "loc": {
          "start": { "line": 24, "column": 44 },
          "end": { "line": 39, "column": 2 }
        },
        "line": 24
      },
      "10": {
        "name": "(anonymous_10)",
        "decl": {
          "start": { "line": 24, "column": 78 },
          "end": { "line": 24, "column": 79 }
        },
        "loc": {
          "start": { "line": 24, "column": 91 },
          "end": { "line": 39, "column": 1 }
        },
        "line": 24
      },
      "11": {
        "name": "(anonymous_11)",
        "decl": {
          "start": { "line": 41, "column": 24 },
          "end": { "line": 41, "column": 25 }
        },
        "loc": {
          "start": { "line": 41, "column": 38 },
          "end": { "line": 54, "column": 2 }
        },
        "line": 41
      },
      "12": {
        "name": "(anonymous_12)",
        "decl": {
          "start": { "line": 41, "column": 72 },
          "end": { "line": 41, "column": 73 }
        },
        "loc": {
          "start": { "line": 41, "column": 85 },
          "end": { "line": 54, "column": 1 }
        },
        "line": 41
      }
    },
    "branchMap": {
      "0": {
        "loc": {
          "start": { "line": 2, "column": 16 },
          "end": { "line": 10, "column": 1 }
        },
        "type": "binary-expr",
        "locations": [
          {
            "start": {
              "line": 2,
              "column": 17
            },
            "end": {
              "line": 2,
              "column": 21
            }
          },
          {
            "start": {
              "line": 2,
              "column": 25
            },
            "end": {
              "line": 2,
              "column": 39
            }
          },
          {
            "start": {
              "line": 2,
              "column": 44
            },
            "end": {
              "line": 10,
              "column": 1
            }
          }
        ],
        "line": 2
      },
      "1": {
        "loc": {
          "start": { "line": 3, "column": 35 },
          "end": { "line": 3, "column": 109 }
        },
        "type": "cond-expr",
        "locations": [
          {
            "start": {
              "line": 3,
              "column": 56
            },
            "end": {
              "line": 3,
              "column": 61
            }
          },
          {
            "start": {
              "line": 3,
              "column": 64
            },
            "end": {
              "line": 3,
              "column": 109
            }
          }
        ],
        "line": 3
      },
      "2": {
        "loc": {
          "start": { "line": 4, "column": 16 },
          "end": { "line": 4, "column": 34 }
        },
        "type": "binary-expr",
        "locations": [
          {
            "start": {
              "line": 4,
              "column": 16
            },
            "end": {
              "line": 4,
              "column": 17
            }
          },
          {
            "start": {
              "line": 4,
              "column": 22
            },
            "end": {
              "line": 4,
              "column": 33
            }
          }
        ],
        "line": 4
      },
      "3": {
        "loc": {
          "start": { "line": 7, "column": 32 },
          "end": { "line": 7, "column": 115 }
        },
        "type": "cond-expr",
        "locations": [
          {
            "start": {
              "line": 7,
              "column": 46
            },
            "end": {
              "line": 7,
              "column": 67
            }
          },
          {
            "start": {
              "line": 7,
              "column": 70
            },
            "end": {
              "line": 7,
              "column": 115
            }
          }
        ],
        "line": 7
      },
      "4": {
        "loc": {
          "start": { "line": 8, "column": 51 },
          "end": { "line": 8, "column": 67 }
        },
        "type": "binary-expr",
        "locations": [
          {
            "start": {
              "line": 8,
              "column": 51
            },
            "end": {
              "line": 8,
              "column": 61
            }
          },
          {
            "start": {
              "line": 8,
              "column": 65
            },
            "end": {
              "line": 8,
              "column": 67
            }
          }
        ],
        "line": 8
      },
      "5": {
        "loc": {
          "start": { "line": 11, "column": 22 },
          "end": { "line": 13, "column": 1 }
        },
        "type": "binary-expr",
        "locations": [
          {
            "start": {
              "line": 11,
              "column": 23
            },
            "end": {
              "line": 11,
              "column": 27
            }
          },
          {
            "start": {
              "line": 11,
              "column": 31
            },
            "end": {
              "line": 11,
              "column": 51
            }
          },
          {
            "start": {
              "line": 11,
              "column": 56
            },
            "end": {
              "line": 13,
              "column": 1
            }
          }
        ],
        "line": 11
      },
      "6": {
        "loc": {
          "start": { "line": 12, "column": 11 },
          "end": { "line": 12, "column": 61 }
        },
        "type": "cond-expr",
        "locations": [
          {
            "start": {
              "line": 12,
              "column": 37
            },
            "end": {
              "line": 12,
              "column": 40
            }
          },
          {
            "start": {
              "line": 12,
              "column": 43
            },
            "end": {
              "line": 12,
              "column": 61
            }
          }
        ],
        "line": 12
      },
      "7": {
        "loc": {
          "start": { "line": 12, "column": 12 },
          "end": { "line": 12, "column": 33 }
        },
        "type": "binary-expr",
        "locations": [
          {
            "start": {
              "line": 12,
              "column": 12
            },
            "end": {
              "line": 12,
              "column": 15
            }
          },
          {
            "start": {
              "line": 12,
              "column": 19
            },
            "end": {
              "line": 12,
              "column": 33
            }
          }
        ],
        "line": 12
      },
      "8": {
        "loc": {
          "start": { "line": 28, "column": 8 },
          "end": { "line": 33, "column": 9 }
        },
        "type": "if",
        "locations": [
          {
            "start": {
              "line": 28,
              "column": 8
            },
            "end": {
              "line": 33,
              "column": 9
            }
          },
          {
            "start": {
              "line": 31,
              "column": 13
            },
            "end": {
              "line": 33,
              "column": 9
            }
          }
        ],
        "line": 28
      },
      "9": {
        "loc": {
          "start": { "line": 45, "column": 8 },
          "end": { "line": 50, "column": 9 }
        },
        "type": "if",
        "locations": [
          {
            "start": {
              "line": 45,
              "column": 8
            },
            "end": {
              "line": 50,
              "column": 9
            }
          },
          {
            "start": {
              "line": 48,
              "column": 13
            },
            "end": {
              "line": 50,
              "column": 9
            }
          }
        ],
        "line": 45
      }
    },
    "s": {
      "0": 2,
      "1": 0,
      "2": 0,
      "3": 0,
      "4": 0,
      "5": 0,
      "6": 0,
      "7": 0,
      "8": 0,
      "9": 0,
      "10": 0,
      "11": 0,
      "12": 2,
      "13": 2,
      "14": 2,
      "15": 2,
      "16": 2,
      "17": 2,
      "18": 2,
      "19": 1,
      "20": 2,
      "21": 0,
      "22": 0,
      "23": 0,
      "24": 0,
      "25": 0,
      "26": 0,
      "27": 0,
      "28": 0,
      "29": 0,
      "30": 2,
      "31": 2,
      "32": 0,
      "33": 0,
      "34": 0,
      "35": 0,
      "36": 0,
      "37": 0,
      "38": 0,
      "39": 2
    },
    "f": {
      "0": 0,
      "1": 0,
      "2": 0,
      "3": 0,
      "4": 0,
      "5": 0,
      "6": 0,
      "7": 2,
      "8": 1,
      "9": 0,
      "10": 0,
      "11": 0,
      "12": 0
    },
    "b": {
      "0": [2, 2, 2],
      "1": [0, 0],
      "2": [0, 0],
      "3": [0, 0],
      "4": [0, 0],
      "5": [2, 2, 2],
      "6": [0, 2],
      "7": [2, 2],
      "8": [0, 0],
      "9": [0, 0]
    },
    "inputSourceMap": null,
    "_coverageSchema": "1a1c01bbd47fc00a2c39e90264f33305004495a9",
    "hash": "5fb1949b66e5232f5ade52a39a87ef713bdb95d9"
  },
  "/Users/tzt756/workspace/test-project/dist/src/books/routes.js": {
    "path": "/Users/tzt756/workspace/test-project/dist/src/books/routes.js",
    "statementMap": {
      "0": {
        "start": { "line": 2, "column": 22 },
        "end": { "line": 4, "column": 1 }
      },
      "1": {
        "start": { "line": 3, "column": 4 },
        "end": { "line": 3, "column": 62 }
      },
      "2": {
        "start": { "line": 5, "column": 0 },
        "end": { "line": 5, "column": 62 }
      },
      "3": {
        "start": { "line": 6, "column": 18 },
        "end": { "line": 6, "column": 53 }
      },
      "4": {
        "start": { "line": 7, "column": 15 },
        "end": { "line": 7, "column": 41 }
      },
      "5": {
        "start": { "line": 8, "column": 0 },
        "end": { "line": 10, "column": 3 }
      },
      "6": {
        "start": { "line": 9, "column": 4 },
        "end": { "line": 9, "column": 41 }
      },
      "7": {
        "start": { "line": 11, "column": 0 },
        "end": { "line": 11, "column": 25 }
      }
    },
    "fnMap": {
      "0": {
        "name": "(anonymous_0)",
        "decl": {
          "start": { "line": 2, "column": 56 },
          "end": { "line": 2, "column": 57 }
        },
        "loc": {
          "start": { "line": 2, "column": 71 },
          "end": { "line": 4, "column": 1 }
        },
        "line": 2
      },
      "1": {
        "name": "(anonymous_1)",
        "decl": {
          "start": { "line": 8, "column": 21 },
          "end": { "line": 8, "column": 22 }
        },
        "loc": {
          "start": { "line": 8, "column": 35 },
          "end": { "line": 10, "column": 1 }
        },
        "line": 8
      }
    },
    "branchMap": {
      "0": {
        "loc": {
          "start": { "line": 2, "column": 22 },
          "end": { "line": 4, "column": 1 }
        },
        "type": "binary-expr",
        "locations": [
          {
            "start": {
              "line": 2,
              "column": 23
            },
            "end": {
              "line": 2,
              "column": 27
            }
          },
          {
            "start": {
              "line": 2,
              "column": 31
            },
            "end": {
              "line": 2,
              "column": 51
            }
          },
          {
            "start": {
              "line": 2,
              "column": 56
            },
            "end": {
              "line": 4,
              "column": 1
            }
          }
        ],
        "line": 2
      },
      "1": {
        "loc": {
          "start": { "line": 3, "column": 11 },
          "end": { "line": 3, "column": 61 }
        },
        "type": "cond-expr",
        "locations": [
          {
            "start": {
              "line": 3,
              "column": 37
            },
            "end": {
              "line": 3,
              "column": 40
            }
          },
          {
            "start": {
              "line": 3,
              "column": 43
            },
            "end": {
              "line": 3,
              "column": 61
            }
          }
        ],
        "line": 3
      },
      "2": {
        "loc": {
          "start": { "line": 3, "column": 12 },
          "end": { "line": 3, "column": 33 }
        },
        "type": "binary-expr",
        "locations": [
          {
            "start": {
              "line": 3,
              "column": 12
            },
            "end": {
              "line": 3,
              "column": 15
            }
          },
          {
            "start": {
              "line": 3,
              "column": 19
            },
            "end": {
              "line": 3,
              "column": 33
            }
          }
        ],
        "line": 3
      }
    },
    "s": {
      "0": 2,
      "1": 2,
      "2": 2,
      "3": 2,
      "4": 2,
      "5": 2,
      "6": 0,
      "7": 2
    },
    "f": { "0": 2, "1": 0 },
    "b": { "0": [2, 2, 2], "1": [0, 2], "2": [2, 2] },
    "inputSourceMap": null,
    "_coverageSchema": "1a1c01bbd47fc00a2c39e90264f33305004495a9",
    "hash": "960a77af0ee1bde15dde47e2bf3cf0b22b336f86"
  },
  "/Users/tzt756/workspace/test-project/dist/src/health/routes.js": {
    "path": "/Users/tzt756/workspace/test-project/dist/src/health/routes.js",
    "statementMap": {
      "0": {
        "start": { "line": 2, "column": 22 },
        "end": { "line": 4, "column": 1 }
      },
      "1": {
        "start": { "line": 3, "column": 4 },
        "end": { "line": 3, "column": 62 }
      },
      "2": {
        "start": { "line": 5, "column": 0 },
        "end": { "line": 5, "column": 62 }
      },
      "3": {
        "start": { "line": 6, "column": 18 },
        "end": { "line": 6, "column": 53 }
      },
      "4": {
        "start": { "line": 7, "column": 15 },
        "end": { "line": 7, "column": 41 }
      },
      "5": {
        "start": { "line": 8, "column": 0 },
        "end": { "line": 10, "column": 3 }
      },
      "6": {
        "start": { "line": 9, "column": 4 },
        "end": { "line": 9, "column": 61 }
      },
      "7": {
        "start": { "line": 11, "column": 0 },
        "end": { "line": 11, "column": 25 }
      }
    },
    "fnMap": {
      "0": {
        "name": "(anonymous_0)",
        "decl": {
          "start": { "line": 2, "column": 56 },
          "end": { "line": 2, "column": 57 }
        },
        "loc": {
          "start": { "line": 2, "column": 71 },
          "end": { "line": 4, "column": 1 }
        },
        "line": 2
      },
      "1": {
        "name": "(anonymous_1)",
        "decl": {
          "start": { "line": 8, "column": 23 },
          "end": { "line": 8, "column": 24 }
        },
        "loc": {
          "start": { "line": 8, "column": 37 },
          "end": { "line": 10, "column": 1 }
        },
        "line": 8
      }
    },
    "branchMap": {
      "0": {
        "loc": {
          "start": { "line": 2, "column": 22 },
          "end": { "line": 4, "column": 1 }
        },
        "type": "binary-expr",
        "locations": [
          {
            "start": {
              "line": 2,
              "column": 23
            },
            "end": {
              "line": 2,
              "column": 27
            }
          },
          {
            "start": {
              "line": 2,
              "column": 31
            },
            "end": {
              "line": 2,
              "column": 51
            }
          },
          {
            "start": {
              "line": 2,
              "column": 56
            },
            "end": {
              "line": 4,
              "column": 1
            }
          }
        ],
        "line": 2
      },
      "1": {
        "loc": {
          "start": { "line": 3, "column": 11 },
          "end": { "line": 3, "column": 61 }
        },
        "type": "cond-expr",
        "locations": [
          {
            "start": {
              "line": 3,
              "column": 37
            },
            "end": {
              "line": 3,
              "column": 40
            }
          },
          {
            "start": {
              "line": 3,
              "column": 43
            },
            "end": {
              "line": 3,
              "column": 61
            }
          }
        ],
        "line": 3
      },
      "2": {
        "loc": {
          "start": { "line": 3, "column": 12 },
          "end": { "line": 3, "column": 33 }
        },
        "type": "binary-expr",
        "locations": [
          {
            "start": {
              "line": 3,
              "column": 12
            },
            "end": {
              "line": 3,
              "column": 15
            }
          },
          {
            "start": {
              "line": 3,
              "column": 19
            },
            "end": {
              "line": 3,
              "column": 33
            }
          }
        ],
        "line": 3
      }
    },
    "s": {
      "0": 2,
      "1": 2,
      "2": 2,
      "3": 2,
      "4": 2,
      "5": 2,
      "6": 1,
      "7": 2
    },
    "f": { "0": 2, "1": 1 },
    "b": { "0": [2, 2, 2], "1": [0, 2], "2": [2, 2] },
    "inputSourceMap": null,
    "_coverageSchema": "1a1c01bbd47fc00a2c39e90264f33305004495a9",
    "hash": "08d039b2066d5972bb55eed15415cd80f8f11cdb"
  },
  "/Users/tzt756/workspace/test-project/dist/src/users/routes.js": {
    "path": "/Users/tzt756/workspace/test-project/dist/src/users/routes.js",
    "statementMap": {
      "0": {
        "start": { "line": 2, "column": 16 },
        "end": { "line": 10, "column": 1 }
      },
      "1": {
        "start": { "line": 3, "column": 28 },
        "end": { "line": 3, "column": 110 }
      },
      "2": {
        "start": { "line": 3, "column": 91 },
        "end": { "line": 3, "column": 106 }
      },
      "3": {
        "start": { "line": 4, "column": 4 },
        "end": { "line": 9, "column": 7 }
      },
      "4": {
        "start": { "line": 5, "column": 36 },
        "end": { "line": 5, "column": 97 }
      },
      "5": {
        "start": { "line": 5, "column": 42 },
        "end": { "line": 5, "column": 70 }
      },
      "6": {
        "start": { "line": 5, "column": 85 },
        "end": { "line": 5, "column": 95 }
      },
      "7": {
        "start": { "line": 6, "column": 35 },
        "end": { "line": 6, "column": 100 }
      },
      "8": {
        "start": { "line": 6, "column": 41 },
        "end": { "line": 6, "column": 73 }
      },
      "9": {
        "start": { "line": 6, "column": 88 },
        "end": { "line": 6, "column": 98 }
      },
      "10": {
        "start": { "line": 7, "column": 32 },
        "end": { "line": 7, "column": 116 }
      },
      "11": {
        "start": { "line": 8, "column": 8 },
        "end": { "line": 8, "column": 78 }
      },
      "12": {
        "start": { "line": 11, "column": 22 },
        "end": { "line": 13, "column": 1 }
      },
      "13": {
        "start": { "line": 12, "column": 4 },
        "end": { "line": 12, "column": 62 }
      },
      "14": {
        "start": { "line": 14, "column": 0 },
        "end": { "line": 14, "column": 62 }
      },
      "15": {
        "start": { "line": 15, "column": 18 },
        "end": { "line": 15, "column": 53 }
      },
      "16": {
        "start": { "line": 16, "column": 18 },
        "end": { "line": 16, "column": 38 }
      },
      "17": {
        "start": { "line": 17, "column": 16 },
        "end": { "line": 17, "column": 35 }
      },
      "18": {
        "start": { "line": 18, "column": 18 },
        "end": { "line": 18, "column": 53 }
      },
      "19": {
        "start": { "line": 19, "column": 15 },
        "end": { "line": 22, "column": 2 }
      },
      "20": {
        "start": { "line": 23, "column": 15 },
        "end": { "line": 23, "column": 41 }
      },
      "21": {
        "start": { "line": 24, "column": 0 },
        "end": { "line": 27, "column": 3 }
      },
      "22": {
        "start": { "line": 25, "column": 17 },
        "end": { "line": 25, "column": 25 }
      },
      "23": {
        "start": { "line": 26, "column": 4 },
        "end": { "line": 26, "column": 31 }
      },
      "24": {
        "start": { "line": 28, "column": 0 },
        "end": { "line": 31, "column": 3 }
      },
      "25": {
        "start": { "line": 29, "column": 17 },
        "end": { "line": 29, "column": 25 }
      },
      "26": {
        "start": { "line": 30, "column": 4 },
        "end": { "line": 30, "column": 31 }
      },
      "27": {
        "start": { "line": 32, "column": 0 },
        "end": { "line": 36, "column": 4 }
      },
      "28": {
        "start": { "line": 32, "column": 60 },
        "end": { "line": 36, "column": 2 }
      },
      "29": {
        "start": { "line": 33, "column": 18 },
        "end": { "line": 33, "column": 45 }
      },
      "30": {
        "start": { "line": 34, "column": 4 },
        "end": { "line": 34, "column": 56 }
      },
      "31": {
        "start": { "line": 35, "column": 4 },
        "end": { "line": 35, "column": 32 }
      },
      "32": {
        "start": { "line": 37, "column": 0 },
        "end": { "line": 37, "column": 25 }
      }
    },
    "fnMap": {
      "0": {
        "name": "(anonymous_0)",
        "decl": {
          "start": { "line": 2, "column": 44 },
          "end": { "line": 2, "column": 45 }
        },
        "loc": {
          "start": { "line": 2, "column": 89 },
          "end": { "line": 10, "column": 1 }
        },
        "line": 2
      },
      "1": {
        "name": "adopt",
        "decl": {
          "start": { "line": 3, "column": 13 },
          "end": { "line": 3, "column": 18 }
        },
        "loc": {
          "start": { "line": 3, "column": 26 },
          "end": { "line": 3, "column": 112 }
        },
        "line": 3
      },
      "2": {
        "name": "(anonymous_2)",
        "decl": {
          "start": { "line": 3, "column": 70 },
          "end": { "line": 3, "column": 71 }
        },
        "loc": {
          "start": { "line": 3, "column": 89 },
          "end": { "line": 3, "column": 108 }
        },
        "line": 3
      },
      "3": {
        "name": "(anonymous_3)",
        "decl": {
          "start": { "line": 4, "column": 36 },
          "end": { "line": 4, "column": 37 }
        },
        "loc": {
          "start": { "line": 4, "column": 63 },
          "end": { "line": 9, "column": 5 }
        },
        "line": 4
      },
      "4": {
        "name": "fulfilled",
        "decl": {
          "start": { "line": 5, "column": 17 },
          "end": { "line": 5, "column": 26 }
        },
        "loc": {
          "start": { "line": 5, "column": 34 },
          "end": { "line": 5, "column": 99 }
        },
        "line": 5
      },
      "5": {
        "name": "rejected",
        "decl": {
          "start": { "line": 6, "column": 17 },
          "end": { "line": 6, "column": 25 }
        },
        "loc": {
          "start": { "line": 6, "column": 33 },
          "end": { "line": 6, "column": 102 }
        },
        "line": 6
      },
      "6": {
        "name": "step",
        "decl": {
          "start": { "line": 7, "column": 17 },
          "end": { "line": 7, "column": 21 }
        },
        "loc": {
          "start": { "line": 7, "column": 30 },
          "end": { "line": 7, "column": 118 }
        },
        "line": 7
      },
      "7": {
        "name": "(anonymous_7)",
        "decl": {
          "start": { "line": 11, "column": 56 },
          "end": { "line": 11, "column": 57 }
        },
        "loc": {
          "start": { "line": 11, "column": 71 },
          "end": { "line": 13, "column": 1 }
        },
        "line": 11
      },
      "8": {
        "name": "(anonymous_8)",
        "decl": {
          "start": { "line": 24, "column": 22 },
          "end": { "line": 24, "column": 23 }
        },
        "loc": {
          "start": { "line": 24, "column": 36 },
          "end": { "line": 27, "column": 1 }
        },
        "line": 24
      },
      "9": {
        "name": "(anonymous_9)",
        "decl": {
          "start": { "line": 28, "column": 21 },
          "end": { "line": 28, "column": 22 }
        },
        "loc": {
          "start": { "line": 28, "column": 35 },
          "end": { "line": 31, "column": 1 }
        },
        "line": 28
      },
      "10": {
        "name": "(anonymous_10)",
        "decl": {
          "start": { "line": 32, "column": 46 },
          "end": { "line": 32, "column": 47 }
        },
        "loc": {
          "start": { "line": 32, "column": 60 },
          "end": { "line": 36, "column": 2 }
        },
        "line": 32
      },
      "11": {
        "name": "(anonymous_11)",
        "decl": {
          "start": { "line": 32, "column": 94 },
          "end": { "line": 32, "column": 95 }
        },
        "loc": {
          "start": { "line": 32, "column": 107 },
          "end": { "line": 36, "column": 1 }
        },
        "line": 32
      }
    },
    "branchMap": {
      "0": {
        "loc": {
          "start": { "line": 2, "column": 16 },
          "end": { "line": 10, "column": 1 }
        },
        "type": "binary-expr",
        "locations": [
          {
            "start": {
              "line": 2,
              "column": 17
            },
            "end": {
              "line": 2,
              "column": 21
            }
          },
          {
            "start": {
              "line": 2,
              "column": 25
            },
            "end": {
              "line": 2,
              "column": 39
            }
          },
          {
            "start": {
              "line": 2,
              "column": 44
            },
            "end": {
              "line": 10,
              "column": 1
            }
          }
        ],
        "line": 2
      },
      "1": {
        "loc": {
          "start": { "line": 3, "column": 35 },
          "end": { "line": 3, "column": 109 }
        },
        "type": "cond-expr",
        "locations": [
          {
            "start": {
              "line": 3,
              "column": 56
            },
            "end": {
              "line": 3,
              "column": 61
            }
          },
          {
            "start": {
              "line": 3,
              "column": 64
            },
            "end": {
              "line": 3,
              "column": 109
            }
          }
        ],
        "line": 3
      },
      "2": {
        "loc": {
          "start": { "line": 4, "column": 16 },
          "end": { "line": 4, "column": 34 }
        },
        "type": "binary-expr",
        "locations": [
          {
            "start": {
              "line": 4,
              "column": 16
            },
            "end": {
              "line": 4,
              "column": 17
            }
          },
          {
            "start": {
              "line": 4,
              "column": 22
            },
            "end": {
              "line": 4,
              "column": 33
            }
          }
        ],
        "line": 4
      },
      "3": {
        "loc": {
          "start": { "line": 7, "column": 32 },
          "end": { "line": 7, "column": 115 }
        },
        "type": "cond-expr",
        "locations": [
          {
            "start": {
              "line": 7,
              "column": 46
            },
            "end": {
              "line": 7,
              "column": 67
            }
          },
          {
            "start": {
              "line": 7,
              "column": 70
            },
            "end": {
              "line": 7,
              "column": 115
            }
          }
        ],
        "line": 7
      },
      "4": {
        "loc": {
          "start": { "line": 8, "column": 51 },
          "end": { "line": 8, "column": 67 }
        },
        "type": "binary-expr",
        "locations": [
          {
            "start": {
              "line": 8,
              "column": 51
            },
            "end": {
              "line": 8,
              "column": 61
            }
          },
          {
            "start": {
              "line": 8,
              "column": 65
            },
            "end": {
              "line": 8,
              "column": 67
            }
          }
        ],
        "line": 8
      },
      "5": {
        "loc": {
          "start": { "line": 11, "column": 22 },
          "end": { "line": 13, "column": 1 }
        },
        "type": "binary-expr",
        "locations": [
          {
            "start": {
              "line": 11,
              "column": 23
            },
            "end": {
              "line": 11,
              "column": 27
            }
          },
          {
            "start": {
              "line": 11,
              "column": 31
            },
            "end": {
              "line": 11,
              "column": 51
            }
          },
          {
            "start": {
              "line": 11,
              "column": 56
            },
            "end": {
              "line": 13,
              "column": 1
            }
          }
        ],
        "line": 11
      },
      "6": {
        "loc": {
          "start": { "line": 12, "column": 11 },
          "end": { "line": 12, "column": 61 }
        },
        "type": "cond-expr",
        "locations": [
          {
            "start": {
              "line": 12,
              "column": 37
            },
            "end": {
              "line": 12,
              "column": 40
            }
          },
          {
            "start": {
              "line": 12,
              "column": 43
            },
            "end": {
              "line": 12,
              "column": 61
            }
          }
        ],
        "line": 12
      },
      "7": {
        "loc": {
          "start": { "line": 12, "column": 12 },
          "end": { "line": 12, "column": 33 }
        },
        "type": "binary-expr",
        "locations": [
          {
            "start": {
              "line": 12,
              "column": 12
            },
            "end": {
              "line": 12,
              "column": 15
            }
          },
          {
            "start": {
              "line": 12,
              "column": 19
            },
            "end": {
              "line": 12,
              "column": 33
            }
          }
        ],
        "line": 12
      }
    },
    "s": {
      "0": 2,
      "1": 0,
      "2": 0,
      "3": 0,
      "4": 0,
      "5": 0,
      "6": 0,
      "7": 0,
      "8": 0,
      "9": 0,
      "10": 0,
      "11": 0,
      "12": 2,
      "13": 4,
      "14": 2,
      "15": 2,
      "16": 2,
      "17": 2,
      "18": 2,
      "19": 2,
      "20": 2,
      "21": 2,
      "22": 1,
      "23": 1,
      "24": 2,
      "25": 0,
      "26": 0,
      "27": 2,
      "28": 0,
      "29": 0,
      "30": 0,
      "31": 0,
      "32": 2
    },
    "f": {
      "0": 0,
      "1": 0,
      "2": 0,
      "3": 0,
      "4": 0,
      "5": 0,
      "6": 0,
      "7": 4,
      "8": 1,
      "9": 0,
      "10": 0,
      "11": 0
    },
    "b": {
      "0": [2, 2, 2],
      "1": [0, 0],
      "2": [0, 0],
      "3": [0, 0],
      "4": [0, 0],
      "5": [2, 2, 2],
      "6": [0, 4],
      "7": [4, 4]
    },
    "inputSourceMap": null,
    "_coverageSchema": "1a1c01bbd47fc00a2c39e90264f33305004495a9",
    "hash": "e7836b90b0b3486e36f8bc0d4eeb7db45a2c2b5c"
  },
  "/Users/tzt756/workspace/test-project/dist/src/users/service.js": {
    "path": "/Users/tzt756/workspace/test-project/dist/src/users/service.js",
    "statementMap": {
      "0": {
        "start": { "line": 2, "column": 16 },
        "end": { "line": 10, "column": 1 }
      },
      "1": {
        "start": { "line": 3, "column": 28 },
        "end": { "line": 3, "column": 110 }
      },
      "2": {
        "start": { "line": 3, "column": 91 },
        "end": { "line": 3, "column": 106 }
      },
      "3": {
        "start": { "line": 4, "column": 4 },
        "end": { "line": 9, "column": 7 }
      },
      "4": {
        "start": { "line": 5, "column": 36 },
        "end": { "line": 5, "column": 97 }
      },
      "5": {
        "start": { "line": 5, "column": 42 },
        "end": { "line": 5, "column": 70 }
      },
      "6": {
        "start": { "line": 5, "column": 85 },
        "end": { "line": 5, "column": 95 }
      },
      "7": {
        "start": { "line": 6, "column": 35 },
        "end": { "line": 6, "column": 100 }
      },
      "8": {
        "start": { "line": 6, "column": 41 },
        "end": { "line": 6, "column": 73 }
      },
      "9": {
        "start": { "line": 6, "column": 88 },
        "end": { "line": 6, "column": 98 }
      },
      "10": {
        "start": { "line": 7, "column": 32 },
        "end": { "line": 7, "column": 116 }
      },
      "11": {
        "start": { "line": 8, "column": 8 },
        "end": { "line": 8, "column": 78 }
      },
      "12": {
        "start": { "line": 11, "column": 22 },
        "end": { "line": 13, "column": 1 }
      },
      "13": {
        "start": { "line": 12, "column": 4 },
        "end": { "line": 12, "column": 62 }
      },
      "14": {
        "start": { "line": 14, "column": 0 },
        "end": { "line": 14, "column": 62 }
      },
      "15": {
        "start": { "line": 15, "column": 0 },
        "end": { "line": 15, "column": 26 }
      },
      "16": {
        "start": { "line": 16, "column": 0 },
        "end": { "line": 16, "column": 20 }
      },
      "17": {
        "start": { "line": 17, "column": 18 },
        "end": { "line": 17, "column": 53 }
      },
      "18": {
        "start": { "line": 18, "column": 11 },
        "end": { "line": 18, "column": 57 }
      },
      "19": {
        "start": { "line": 20, "column": 4 },
        "end": { "line": 20, "column": 74 }
      },
      "20": {
        "start": { "line": 21, "column": 4 },
        "end": { "line": 21, "column": 16 }
      },
      "21": {
        "start": { "line": 24, "column": 4 },
        "end": { "line": 37, "column": 7 }
      },
      "22": {
        "start": { "line": 25, "column": 8 },
        "end": { "line": 36, "column": 11 }
      },
      "23": {
        "start": { "line": 26, "column": 12 },
        "end": { "line": 35, "column": 15 }
      },
      "24": {
        "start": { "line": 27, "column": 16 },
        "end": { "line": 29, "column": 17 }
      },
      "25": {
        "start": { "line": 28, "column": 20 },
        "end": { "line": 28, "column": 58 }
      },
      "26": {
        "start": { "line": 30, "column": 28 },
        "end": { "line": 30, "column": 30 }
      },
      "27": {
        "start": { "line": 31, "column": 16 },
        "end": { "line": 33, "column": 19 }
      },
      "28": {
        "start": { "line": 32, "column": 20 },
        "end": { "line": 32, "column": 36 }
      },
      "29": {
        "start": { "line": 34, "column": 16 },
        "end": { "line": 34, "column": 31 }
      }
    },
    "fnMap": {
      "0": {
        "name": "(anonymous_0)",
        "decl": {
          "start": { "line": 2, "column": 44 },
          "end": { "line": 2, "column": 45 }
        },
        "loc": {
          "start": { "line": 2, "column": 89 },
          "end": { "line": 10, "column": 1 }
        },
        "line": 2
      },
      "1": {
        "name": "adopt",
        "decl": {
          "start": { "line": 3, "column": 13 },
          "end": { "line": 3, "column": 18 }
        },
        "loc": {
          "start": { "line": 3, "column": 26 },
          "end": { "line": 3, "column": 112 }
        },
        "line": 3
      },
      "2": {
        "name": "(anonymous_2)",
        "decl": {
          "start": { "line": 3, "column": 70 },
          "end": { "line": 3, "column": 71 }
        },
        "loc": {
          "start": { "line": 3, "column": 89 },
          "end": { "line": 3, "column": 108 }
        },
        "line": 3
      },
      "3": {
        "name": "(anonymous_3)",
        "decl": {
          "start": { "line": 4, "column": 36 },
          "end": { "line": 4, "column": 37 }
        },
        "loc": {
          "start": { "line": 4, "column": 63 },
          "end": { "line": 9, "column": 5 }
        },
        "line": 4
      },
      "4": {
        "name": "fulfilled",
        "decl": {
          "start": { "line": 5, "column": 17 },
          "end": { "line": 5, "column": 26 }
        },
        "loc": {
          "start": { "line": 5, "column": 34 },
          "end": { "line": 5, "column": 99 }
        },
        "line": 5
      },
      "5": {
        "name": "rejected",
        "decl": {
          "start": { "line": 6, "column": 17 },
          "end": { "line": 6, "column": 25 }
        },
        "loc": {
          "start": { "line": 6, "column": 33 },
          "end": { "line": 6, "column": 102 }
        },
        "line": 6
      },
      "6": {
        "name": "step",
        "decl": {
          "start": { "line": 7, "column": 17 },
          "end": { "line": 7, "column": 21 }
        },
        "loc": {
          "start": { "line": 7, "column": 30 },
          "end": { "line": 7, "column": 118 }
        },
        "line": 7
      },
      "7": {
        "name": "(anonymous_7)",
        "decl": {
          "start": { "line": 11, "column": 56 },
          "end": { "line": 11, "column": 57 }
        },
        "loc": {
          "start": { "line": 11, "column": 71 },
          "end": { "line": 13, "column": 1 }
        },
        "line": 11
      },
      "8": {
        "name": "addUser",
        "decl": {
          "start": { "line": 19, "column": 9 },
          "end": { "line": 19, "column": 16 }
        },
        "loc": {
          "start": { "line": 19, "column": 23 },
          "end": { "line": 22, "column": 1 }
        },
        "line": 19
      },
      "9": {
        "name": "list",
        "decl": {
          "start": { "line": 23, "column": 9 },
          "end": { "line": 23, "column": 13 }
        },
        "loc": {
          "start": { "line": 23, "column": 16 },
          "end": { "line": 38, "column": 1 }
        },
        "line": 23
      },
      "10": {
        "name": "(anonymous_10)",
        "decl": {
          "start": { "line": 24, "column": 43 },
          "end": { "line": 24, "column": 44 }
        },
        "loc": {
          "start": { "line": 24, "column": 56 },
          "end": { "line": 37, "column": 5 }
        },
        "line": 24
      },
      "11": {
        "name": "(anonymous_11)",
        "decl": {
          "start": { "line": 25, "column": 27 },
          "end": { "line": 25, "column": 28 }
        },
        "loc": {
          "start": { "line": 25, "column": 48 },
          "end": { "line": 36, "column": 9 }
        },
        "line": 25
      },
      "12": {
        "name": "(anonymous_12)",
        "decl": {
          "start": { "line": 26, "column": 46 },
          "end": { "line": 26, "column": 47 }
        },
        "loc": {
          "start": { "line": 26, "column": 61 },
          "end": { "line": 35, "column": 13 }
        },
        "line": 26
      },
      "13": {
        "name": "(anonymous_13)",
        "decl": {
          "start": { "line": 31, "column": 29 },
          "end": { "line": 31, "column": 30 }
        },
        "loc": {
          "start": { "line": 31, "column": 38 },
          "end": { "line": 33, "column": 17 }
        },
        "line": 31
      }
    },
    "branchMap": {
      "0": {
        "loc": {
          "start": { "line": 2, "column": 16 },
          "end": { "line": 10, "column": 1 }
        },
        "type": "binary-expr",
        "locations": [
          {
            "start": {
              "line": 2,
              "column": 17
            },
            "end": {
              "line": 2,
              "column": 21
            }
          },
          {
            "start": {
              "line": 2,
              "column": 25
            },
            "end": {
              "line": 2,
              "column": 39
            }
          },
          {
            "start": {
              "line": 2,
              "column": 44
            },
            "end": {
              "line": 10,
              "column": 1
            }
          }
        ],
        "line": 2
      },
      "1": {
        "loc": {
          "start": { "line": 3, "column": 35 },
          "end": { "line": 3, "column": 109 }
        },
        "type": "cond-expr",
        "locations": [
          {
            "start": {
              "line": 3,
              "column": 56
            },
            "end": {
              "line": 3,
              "column": 61
            }
          },
          {
            "start": {
              "line": 3,
              "column": 64
            },
            "end": {
              "line": 3,
              "column": 109
            }
          }
        ],
        "line": 3
      },
      "2": {
        "loc": {
          "start": { "line": 4, "column": 16 },
          "end": { "line": 4, "column": 34 }
        },
        "type": "binary-expr",
        "locations": [
          {
            "start": {
              "line": 4,
              "column": 16
            },
            "end": {
              "line": 4,
              "column": 17
            }
          },
          {
            "start": {
              "line": 4,
              "column": 22
            },
            "end": {
              "line": 4,
              "column": 33
            }
          }
        ],
        "line": 4
      },
      "3": {
        "loc": {
          "start": { "line": 7, "column": 32 },
          "end": { "line": 7, "column": 115 }
        },
        "type": "cond-expr",
        "locations": [
          {
            "start": {
              "line": 7,
              "column": 46
            },
            "end": {
              "line": 7,
              "column": 67
            }
          },
          {
            "start": {
              "line": 7,
              "column": 70
            },
            "end": {
              "line": 7,
              "column": 115
            }
          }
        ],
        "line": 7
      },
      "4": {
        "loc": {
          "start": { "line": 8, "column": 51 },
          "end": { "line": 8, "column": 67 }
        },
        "type": "binary-expr",
        "locations": [
          {
            "start": {
              "line": 8,
              "column": 51
            },
            "end": {
              "line": 8,
              "column": 61
            }
          },
          {
            "start": {
              "line": 8,
              "column": 65
            },
            "end": {
              "line": 8,
              "column": 67
            }
          }
        ],
        "line": 8
      },
      "5": {
        "loc": {
          "start": { "line": 11, "column": 22 },
          "end": { "line": 13, "column": 1 }
        },
        "type": "binary-expr",
        "locations": [
          {
            "start": {
              "line": 11,
              "column": 23
            },
            "end": {
              "line": 11,
              "column": 27
            }
          },
          {
            "start": {
              "line": 11,
              "column": 31
            },
            "end": {
              "line": 11,
              "column": 51
            }
          },
          {
            "start": {
              "line": 11,
              "column": 56
            },
            "end": {
              "line": 13,
              "column": 1
            }
          }
        ],
        "line": 11
      },
      "6": {
        "loc": {
          "start": { "line": 12, "column": 11 },
          "end": { "line": 12, "column": 61 }
        },
        "type": "cond-expr",
        "locations": [
          {
            "start": {
              "line": 12,
              "column": 37
            },
            "end": {
              "line": 12,
              "column": 40
            }
          },
          {
            "start": {
              "line": 12,
              "column": 43
            },
            "end": {
              "line": 12,
              "column": 61
            }
          }
        ],
        "line": 12
      },
      "7": {
        "loc": {
          "start": { "line": 12, "column": 12 },
          "end": { "line": 12, "column": 33 }
        },
        "type": "binary-expr",
        "locations": [
          {
            "start": {
              "line": 12,
              "column": 12
            },
            "end": {
              "line": 12,
              "column": 15
            }
          },
          {
            "start": {
              "line": 12,
              "column": 19
            },
            "end": {
              "line": 12,
              "column": 33
            }
          }
        ],
        "line": 12
      },
      "8": {
        "loc": {
          "start": { "line": 27, "column": 16 },
          "end": { "line": 29, "column": 17 }
        },
        "type": "if",
        "locations": [
          {
            "start": {
              "line": 27,
              "column": 16
            },
            "end": {
              "line": 29,
              "column": 17
            }
          },
          { "start": {}, "end": {} }
        ],
        "line": 27
      }
    },
    "s": {
      "0": 2,
      "1": 0,
      "2": 0,
      "3": 0,
      "4": 0,
      "5": 0,
      "6": 0,
      "7": 0,
      "8": 0,
      "9": 0,
      "10": 0,
      "11": 0,
      "12": 2,
      "13": 2,
      "14": 2,
      "15": 2,
      "16": 2,
      "17": 2,
      "18": 2,
      "19": 0,
      "20": 0,
      "21": 0,
      "22": 0,
      "23": 0,
      "24": 0,
      "25": 0,
      "26": 0,
      "27": 0,
      "28": 0,
      "29": 0
    },
    "f": {
      "0": 0,
      "1": 0,
      "2": 0,
      "3": 0,
      "4": 0,
      "5": 0,
      "6": 0,
      "7": 2,
      "8": 0,
      "9": 0,
      "10": 0,
      "11": 0,
      "12": 0,
      "13": 0
    },
    "b": {
      "0": [2, 2, 2],
      "1": [0, 0],
      "2": [0, 0],
      "3": [0, 0],
      "4": [0, 0],
      "5": [2, 2, 2],
      "6": [0, 2],
      "7": [2, 2],
      "8": [0, 0]
    },
    "inputSourceMap": null,
    "_coverageSchema": "1a1c01bbd47fc00a2c39e90264f33305004495a9",
    "hash": "303f3b0ccd33f56b32d67d3781accc8e84ad2fb0"
  },
  "/Users/tzt756/workspace/test-project/src/app.ts": {
    "path": "/Users/tzt756/workspace/test-project/src/app.ts",
    "statementMap": {
      "0": {
        "start": { "line": 1, "column": 0 },
        "end": { "line": 1, "column": 66 }
      },
      "1": {
        "start": { "line": 2, "column": 0 },
        "end": { "line": 2, "column": 37 }
      },
      "2": {
        "start": { "line": 3, "column": 0 },
        "end": { "line": 3, "column": 42 }
      },
      "3": {
        "start": { "line": 4, "column": 0 },
        "end": { "line": 4, "column": 40 }
      },
      "4": {
        "start": { "line": 5, "column": 0 },
        "end": { "line": 5, "column": 40 }
      },
      "5": {
        "start": { "line": 6, "column": 0 },
        "end": { "line": 6, "column": 42 }
      },
      "6": {
        "start": { "line": 7, "column": 0 },
        "end": { "line": 7, "column": 43 }
      },
      "7": {
        "start": { "line": 9, "column": 12 },
        "end": { "line": 9, "column": 21 }
      },
      "8": {
        "start": { "line": 10, "column": 0 },
        "end": { "line": 10, "column": null }
      },
      "9": {
        "start": { "line": 12, "column": 0 },
        "end": { "line": 12, "column": null }
      },
      "10": {
        "start": { "line": 13, "column": 0 },
        "end": { "line": 13, "column": null }
      },
      "11": {
        "start": { "line": 14, "column": 0 },
        "end": { "line": 14, "column": null }
      },
      "12": {
        "start": { "line": 15, "column": 0 },
        "end": { "line": 15, "column": null }
      },
      "13": {
        "start": { "line": 16, "column": 0 },
        "end": { "line": 16, "column": 38 }
      },
      "14": {
        "start": { "line": 18, "column": 21 },
        "end": { "line": 21, "column": 1 }
      },
      "15": {
        "start": { "line": 19, "column": 4 },
        "end": { "line": 19, "column": 21 }
      },
      "16": {
        "start": { "line": 20, "column": 4 },
        "end": { "line": 20, "column": 47 }
      },
      "17": {
        "start": { "line": 23, "column": 0 },
        "end": { "line": 23, "column": 22 }
      },
      "18": {
        "start": { "line": 24, "column": 0 },
        "end": { "line": 24, "column": 19 }
      }
    },
    "fnMap": {
      "0": {
        "name": "(anonymous_1)",
        "decl": {
          "start": { "line": 18, "column": 21 },
          "end": { "line": 18, "column": 30 }
        },
        "loc": {
          "start": { "line": 18, "column": 89 },
          "end": { "line": 21, "column": 1 }
        }
      }
    },
    "branchMap": {},
    "s": {
      "0": 3,
      "1": 3,
      "2": 3,
      "3": 3,
      "4": 3,
      "5": 3,
      "6": 3,
      "7": 3,
      "8": 3,
      "9": 3,
      "10": 3,
      "11": 3,
      "12": 3,
      "13": 3,
      "14": 3,
      "15": 0,
      "16": 0,
      "17": 3,
      "18": 3
    },
    "f": { "0": 0 },
    "b": {}
  },
  "/Users/tzt756/workspace/test-project/src/cache.ts": {
    "path": "/Users/tzt756/workspace/test-project/src/cache.ts",
    "statementMap": {
      "0": {
        "start": { "line": 2, "column": 0 },
        "end": { "line": 2, "column": 28 }
      },
      "1": {
        "start": { "line": 4, "column": 15 },
        "end": { "line": 7, "column": 4 }
      },
      "2": {
        "start": { "line": 9, "column": 0 },
        "end": { "line": 11, "column": null }
      },
      "3": {
        "start": { "line": 10, "column": 4 },
        "end": { "line": 10, "column": null }
      },
      "4": {
        "start": { "line": 13, "column": 31 },
        "end": { "line": 27, "column": null }
      },
      "5": {
        "start": { "line": 13, "column": 89 },
        "end": { "line": 27, "column": null }
      },
      "6": {
        "start": { "line": 14, "column": 16 },
        "end": { "line": 14, "column": 31 }
      },
      "7": {
        "start": { "line": 16, "column": 4 },
        "end": { "line": 26, "column": 5 }
      },
      "8": {
        "start": { "line": 17, "column": 21 },
        "end": { "line": 17, "column": 42 }
      },
      "9": {
        "start": { "line": 18, "column": 8 },
        "end": { "line": 22, "column": 9 }
      },
      "10": {
        "start": { "line": 19, "column": 12 },
        "end": { "line": 19, "column": 39 }
      },
      "11": {
        "start": { "line": 21, "column": 12 },
        "end": { "line": 21, "column": 19 }
      },
      "12": {
        "start": { "line": 24, "column": 8 },
        "end": { "line": 24, "column": 47 }
      },
      "13": {
        "start": { "line": 25, "column": 8 },
        "end": { "line": 25, "column": 15 }
      },
      "14": {
        "start": { "line": 13, "column": 13 },
        "end": { "line": 13, "column": 31 }
      },
      "15": {
        "start": { "line": 29, "column": 31 },
        "end": { "line": 42, "column": null }
      },
      "16": {
        "start": { "line": 29, "column": 69 },
        "end": { "line": 42, "column": null }
      },
      "17": {
        "start": { "line": 30, "column": 16 },
        "end": { "line": 30, "column": 39 }
      },
      "18": {
        "start": { "line": 32, "column": 4 },
        "end": { "line": 41, "column": 5 }
      },
      "19": {
        "start": { "line": 33, "column": 25 },
        "end": { "line": 33, "column": 46 }
      },
      "20": {
        "start": { "line": 34, "column": 8 },
        "end": { "line": 38, "column": 9 }
      },
      "21": {
        "start": { "line": 35, "column": 12 },
        "end": { "line": 35, "column": 70 }
      },
      "22": {
        "start": { "line": 37, "column": 12 },
        "end": { "line": 37, "column": 72 }
      },
      "23": {
        "start": { "line": 29, "column": 13 },
        "end": { "line": 29, "column": 31 }
      }
    },
    "fnMap": {
      "0": {
        "name": "(anonymous_8)",
        "decl": {
          "start": { "line": 9, "column": 19 },
          "end": { "line": 9, "column": 22 }
        },
        "loc": {
          "start": { "line": 9, "column": 24 },
          "end": { "line": 11, "column": 1 }
        }
      },
      "1": {
        "name": "(anonymous_9)",
        "decl": {
          "start": { "line": 13, "column": 31 },
          "end": { "line": 13, "column": 38 }
        },
        "loc": {
          "start": { "line": 13, "column": 89 },
          "end": { "line": 27, "column": null }
        }
      },
      "2": {
        "name": "(anonymous_10)",
        "decl": {
          "start": { "line": 13, "column": 89 },
          "end": { "line": 13, "column": null }
        },
        "loc": {
          "start": { "line": 13, "column": 89 },
          "end": { "line": 27, "column": 1 }
        }
      },
      "3": {
        "name": "(anonymous_11)",
        "decl": {
          "start": { "line": 29, "column": 31 },
          "end": { "line": 29, "column": 38 }
        },
        "loc": {
          "start": { "line": 29, "column": 69 },
          "end": { "line": 42, "column": null }
        }
      },
      "4": {
        "name": "(anonymous_12)",
        "decl": {
          "start": { "line": 29, "column": 69 },
          "end": { "line": 29, "column": null }
        },
        "loc": {
          "start": { "line": 29, "column": 69 },
          "end": { "line": 42, "column": 1 }
        }
      }
    },
    "branchMap": {
      "0": {
        "loc": {
          "start": { "line": 18, "column": 8 },
          "end": { "line": 22, "column": 9 }
        },
        "type": "if",
        "locations": [
          {
            "start": {
              "line": 18,
              "column": 8
            },
            "end": {
              "line": 22,
              "column": 9
            }
          },
          {
            "start": {
              "line": 20,
              "column": 15
            },
            "end": {
              "line": 22,
              "column": 9
            }
          }
        ]
      },
      "1": {
        "loc": {
          "start": { "line": 34, "column": 8 },
          "end": { "line": 38, "column": 9 }
        },
        "type": "if",
        "locations": [
          {
            "start": {
              "line": 34,
              "column": 8
            },
            "end": {
              "line": 38,
              "column": 9
            }
          },
          {
            "start": {
              "line": 36,
              "column": 15
            },
            "end": {
              "line": 38,
              "column": 9
            }
          }
        ]
      }
    },
    "s": {
      "0": 3,
      "1": 3,
      "2": 3,
      "3": 0,
      "4": 3,
      "5": 0,
      "6": 0,
      "7": 0,
      "8": 0,
      "9": 0,
      "10": 0,
      "11": 0,
      "12": 0,
      "13": 0,
      "14": 3,
      "15": 3,
      "16": 0,
      "17": 0,
      "18": 0,
      "19": 0,
      "20": 0,
      "21": 0,
      "22": 0,
      "23": 3
    },
    "f": { "0": 0, "1": 0, "2": 0, "3": 0, "4": 0 },
    "b": { "0": [0, 0], "1": [0, 0] }
  },
  "/Users/tzt756/workspace/test-project/src/books/routes.ts": {
    "path": "/Users/tzt756/workspace/test-project/src/books/routes.ts",
    "statementMap": {
      "0": {
        "start": { "line": 1, "column": 0 },
        "end": { "line": 1, "column": 53 }
      },
      "1": {
        "start": { "line": 2, "column": 15 },
        "end": { "line": 2, "column": 31 }
      },
      "2": {
        "start": { "line": 4, "column": 0 },
        "end": { "line": 6, "column": null }
      },
      "3": {
        "start": { "line": 5, "column": 4 },
        "end": { "line": 5, "column": 41 }
      },
      "4": {
        "start": { "line": 8, "column": 0 },
        "end": { "line": 8, "column": 22 }
      }
    },
    "fnMap": {
      "0": {
        "name": "(anonymous_1)",
        "decl": {
          "start": { "line": 4, "column": 21 },
          "end": { "line": 4, "column": 22 }
        },
        "loc": {
          "start": { "line": 4, "column": 53 },
          "end": { "line": 6, "column": 1 }
        }
      }
    },
    "branchMap": {},
    "s": { "0": 3, "1": 3, "2": 3, "3": 0, "4": 3 },
    "f": { "0": 0 },
    "b": {}
  },
  "/Users/tzt756/workspace/test-project/src/health/routes.ts": {
    "path": "/Users/tzt756/workspace/test-project/src/health/routes.ts",
    "statementMap": {
      "0": {
        "start": { "line": 2, "column": 0 },
        "end": { "line": 2, "column": 30 }
      },
      "1": {
        "start": { "line": 4, "column": 15 },
        "end": { "line": 4, "column": 31 }
      },
      "2": {
        "start": { "line": 6, "column": 0 },
        "end": { "line": 8, "column": 3 }
      },
      "3": {
        "start": { "line": 7, "column": 4 },
        "end": { "line": 7, "column": 59 }
      },
      "4": {
        "start": { "line": 10, "column": 0 },
        "end": { "line": 10, "column": 22 }
      }
    },
    "fnMap": {
      "0": {
        "name": "(anonymous_1)",
        "decl": {
          "start": { "line": 6, "column": 23 },
          "end": { "line": 6, "column": 24 }
        },
        "loc": {
          "start": { "line": 6, "column": 55 },
          "end": { "line": 8, "column": 1 }
        }
      }
    },
    "branchMap": {},
    "s": { "0": 3, "1": 3, "2": 3, "3": 1, "4": 3 },
    "f": { "0": 1 },
    "b": {}
  },
  "/Users/tzt756/workspace/test-project/src/stocks/routes.ts": {
    "path": "/Users/tzt756/workspace/test-project/src/stocks/routes.ts",
    "statementMap": {
      "0": {
        "start": { "line": 1, "column": 0 },
        "end": { "line": 1, "column": 52 }
      },
      "1": {
        "start": { "line": 2, "column": 0 },
        "end": { "line": 2, "column": 53 }
      },
      "2": {
        "start": { "line": 3, "column": 15 },
        "end": { "line": 3, "column": 31 }
      },
      "3": {
        "start": { "line": 5, "column": 0 },
        "end": { "line": 7, "column": null }
      },
      "4": {
        "start": { "line": 6, "column": 4 },
        "end": { "line": 6, "column": 63 }
      },
      "5": {
        "start": { "line": 9, "column": 0 },
        "end": { "line": 9, "column": 22 }
      }
    },
    "fnMap": {
      "0": {
        "name": "(anonymous_1)",
        "decl": {
          "start": { "line": 5, "column": 21 },
          "end": { "line": 5, "column": 22 }
        },
        "loc": {
          "start": { "line": 5, "column": 83 },
          "end": { "line": 7, "column": 1 }
        }
      }
    },
    "branchMap": {},
    "s": { "0": 3, "1": 3, "2": 3, "3": 3, "4": 0, "5": 3 },
    "f": { "0": 0 },
    "b": {}
  },
  "/Users/tzt756/workspace/test-project/src/stocks/stocksService.ts": {
    "path": "/Users/tzt756/workspace/test-project/src/stocks/stocksService.ts",
    "statementMap": {
      "0": {
        "start": { "line": 9, "column": 0 },
        "end": { "line": 9, "column": 22 }
      },
      "1": {
        "start": { "line": 1, "column": 0 },
        "end": { "line": 1, "column": 42 }
      },
      "2": {
        "start": { "line": 4, "column": 15 },
        "end": { "line": 4, "column": 21 }
      },
      "3": {
        "start": { "line": 5, "column": 21 },
        "end": { "line": 5, "column": 31 }
      },
      "4": {
        "start": { "line": 6, "column": 0 },
        "end": { "line": 6, "column": 57 }
      },
      "5": {
        "start": { "line": 10, "column": 2 },
        "end": { "line": 30, "column": 3 }
      },
      "6": {
        "start": { "line": 11, "column": 25 },
        "end": { "line": 11, "column": 94 }
      },
      "7": {
        "start": { "line": 13, "column": 19 },
        "end": { "line": 13, "column": 70 }
      },
      "8": {
        "start": { "line": 16, "column": 22 },
        "end": { "line": 21, "column": 7 }
      },
      "9": {
        "start": { "line": 16, "column": 41 },
        "end": { "line": 21, "column": 6 }
      },
      "10": {
        "start": { "line": 24, "column": 4 },
        "end": { "line": 24, "column": 29 }
      },
      "11": {
        "start": { "line": 25, "column": 4 },
        "end": { "line": 25, "column": 21 }
      },
      "12": {
        "start": { "line": 29, "column": 4 },
        "end": { "line": 29, "column": 55 }
      }
    },
    "fnMap": {
      "0": {
        "name": "fetchStocksDataFor",
        "decl": {
          "start": { "line": 9, "column": 22 },
          "end": { "line": 9, "column": 40 }
        },
        "loc": {
          "start": { "line": 9, "column": 55 },
          "end": { "line": 31, "column": null }
        }
      },
      "1": {
        "name": "(anonymous_10)",
        "decl": {
          "start": { "line": 16, "column": 33 },
          "end": { "line": 16, "column": 36 }
        },
        "loc": {
          "start": { "line": 16, "column": 41 },
          "end": { "line": 21, "column": 6 }
        }
      }
    },
    "branchMap": {},
    "s": {
      "0": 3,
      "1": 3,
      "2": 3,
      "3": 3,
      "4": 3,
      "5": 0,
      "6": 0,
      "7": 0,
      "8": 0,
      "9": 0,
      "10": 0,
      "11": 0,
      "12": 0
    },
    "f": { "0": 0, "1": 0 },
    "b": {}
  },
  "/Users/tzt756/workspace/test-project/src/users/routes.ts": {
    "path": "/Users/tzt756/workspace/test-project/src/users/routes.ts",
    "statementMap": {
      "0": {
        "start": { "line": 1, "column": 0 },
        "end": { "line": 1, "column": 53 }
      },
      "1": {
        "start": { "line": 3, "column": 0 },
        "end": { "line": 3, "column": 33 }
      },
      "2": {
        "start": { "line": 4, "column": 0 },
        "end": { "line": 4, "column": 43 }
      },
      "3": {
        "start": { "line": 5, "column": 0 },
        "end": { "line": 5, "column": 30 }
      },
      "4": {
        "start": { "line": 7, "column": 15 },
        "end": { "line": 10, "column": 4 }
      },
      "5": {
        "start": { "line": 12, "column": 15 },
        "end": { "line": 12, "column": 31 }
      },
      "6": {
        "start": { "line": 14, "column": 0 },
        "end": { "line": 17, "column": null }
      },
      "7": {
        "start": { "line": 15, "column": 35 },
        "end": { "line": 15, "column": 43 }
      },
      "8": {
        "start": { "line": 16, "column": 4 },
        "end": { "line": 16, "column": 31 }
      },
      "9": {
        "start": { "line": 19, "column": 0 },
        "end": { "line": 22, "column": null }
      },
      "10": {
        "start": { "line": 20, "column": 23 },
        "end": { "line": 20, "column": 31 }
      },
      "11": {
        "start": { "line": 21, "column": 4 },
        "end": { "line": 21, "column": null }
      },
      "12": {
        "start": { "line": 24, "column": 0 },
        "end": { "line": 28, "column": null }
      },
      "13": {
        "start": { "line": 24, "column": 76 },
        "end": { "line": 28, "column": 2 }
      },
      "14": {
        "start": { "line": 25, "column": 18 },
        "end": { "line": 25, "column": 30 }
      },
      "15": {
        "start": { "line": 26, "column": 4 },
        "end": { "line": 26, "column": 56 }
      },
      "16": {
        "start": { "line": 27, "column": 4 },
        "end": { "line": 27, "column": 32 }
      },
      "17": {
        "start": { "line": 30, "column": 0 },
        "end": { "line": 30, "column": 22 }
      }
    },
    "fnMap": {
      "0": {
        "name": "(anonymous_8)",
        "decl": {
          "start": { "line": 14, "column": 22 },
          "end": { "line": 14, "column": 23 }
        },
        "loc": {
          "start": { "line": 14, "column": 54 },
          "end": { "line": 17, "column": 1 }
        }
      },
      "1": {
        "name": "(anonymous_9)",
        "decl": {
          "start": { "line": 19, "column": 21 },
          "end": { "line": 19, "column": 22 }
        },
        "loc": {
          "start": { "line": 19, "column": 53 },
          "end": { "line": 22, "column": 1 }
        }
      },
      "2": {
        "name": "(anonymous_10)",
        "decl": {
          "start": { "line": 24, "column": 38 },
          "end": { "line": 24, "column": 45 }
        },
        "loc": {
          "start": { "line": 24, "column": 76 },
          "end": { "line": 28, "column": 2 }
        }
      },
      "3": {
        "name": "(anonymous_11)",
        "decl": {
          "start": { "line": 24, "column": 76 },
          "end": { "line": 24, "column": null }
        },
        "loc": {
          "start": { "line": 24, "column": 76 },
          "end": { "line": 28, "column": 1 }
        }
      }
    },
    "branchMap": {},
    "s": {
      "0": 3,
      "1": 3,
      "2": 3,
      "3": 3,
      "4": 3,
      "5": 3,
      "6": 3,
      "7": 1,
      "8": 1,
      "9": 3,
      "10": 0,
      "11": 0,
      "12": 3,
      "13": 0,
      "14": 0,
      "15": 0,
      "16": 0,
      "17": 3
    },
    "f": { "0": 1, "1": 0, "2": 0, "3": 0 },
    "b": {}
  },
  "/Users/tzt756/workspace/test-project/src/users/service.ts": {
    "path": "/Users/tzt756/workspace/test-project/src/users/service.ts",
    "statementMap": {
      "0": {
        "start": { "line": 7, "column": 0 },
        "end": { "line": 7, "column": 16 }
      },
      "1": {
        "start": { "line": 12, "column": 0 },
        "end": { "line": 12, "column": 22 }
      },
      "2": {
        "start": { "line": 1, "column": 0 },
        "end": { "line": 1, "column": 30 }
      },
      "3": {
        "start": { "line": 5, "column": 11 },
        "end": { "line": 5, "column": 47 }
      },
      "4": {
        "start": { "line": 8, "column": 4 },
        "end": { "line": 8, "column": 74 }
      },
      "5": {
        "start": { "line": 9, "column": 4 },
        "end": { "line": 9, "column": 16 }
      },
      "6": {
        "start": { "line": 13, "column": 4 },
        "end": { "line": 25, "column": null }
      },
      "7": {
        "start": { "line": 14, "column": 8 },
        "end": { "line": 24, "column": null }
      },
      "8": {
        "start": { "line": 15, "column": 12 },
        "end": { "line": 17, "column": 13 }
      },
      "9": {
        "start": { "line": 16, "column": 16 },
        "end": { "line": 16, "column": null }
      },
      "10": {
        "start": { "line": 19, "column": 32 },
        "end": { "line": 19, "column": 34 }
      },
      "11": {
        "start": { "line": 20, "column": 12 },
        "end": { "line": 22, "column": null }
      },
      "12": {
        "start": { "line": 21, "column": 16 },
        "end": { "line": 21, "column": 32 }
      },
      "13": {
        "start": { "line": 23, "column": 12 },
        "end": { "line": 23, "column": 27 }
      }
    },
    "fnMap": {
      "0": {
        "name": "addUser",
        "decl": {
          "start": { "line": 7, "column": 16 },
          "end": { "line": 7, "column": 23 }
        },
        "loc": {
          "start": { "line": 7, "column": 34 },
          "end": { "line": 10, "column": 1 }
        }
      },
      "1": {
        "name": "list",
        "decl": {
          "start": { "line": 12, "column": 22 },
          "end": { "line": 12, "column": 26 }
        },
        "loc": {
          "start": { "line": 12, "column": 26 },
          "end": { "line": 26, "column": null }
        }
      },
      "2": {
        "name": "(anonymous_11)",
        "decl": {
          "start": { "line": 13, "column": 23 },
          "end": { "line": 13, "column": 24 }
        },
        "loc": {
          "start": { "line": 13, "column": 43 },
          "end": { "line": 25, "column": 5 }
        }
      },
      "3": {
        "name": "(anonymous_12)",
        "decl": {
          "start": { "line": 14, "column": 42 },
          "end": { "line": 14, "column": 43 }
        },
        "loc": {
          "start": { "line": 14, "column": 64 },
          "end": { "line": 24, "column": 9 }
        }
      },
      "4": {
        "name": "(anonymous_13)",
        "decl": {
          "start": { "line": 20, "column": 25 },
          "end": { "line": 20, "column": 26 }
        },
        "loc": {
          "start": { "line": 20, "column": 33 },
          "end": { "line": 22, "column": 13 }
        }
      }
    },
    "branchMap": {
      "0": {
        "loc": {
          "start": { "line": 15, "column": 12 },
          "end": { "line": 17, "column": 13 }
        },
        "type": "if",
        "locations": [
          {
            "start": {
              "line": 15,
              "column": 12
            },
            "end": {
              "line": 17,
              "column": 13
            }
          }
        ]
      }
    },
    "s": {
      "0": 3,
      "1": 3,
      "2": 3,
      "3": 3,
      "4": 0,
      "5": 0,
      "6": 0,
      "7": 0,
      "8": 0,
      "9": 0,
      "10": 0,
      "11": 0,
      "12": 0,
      "13": 0
    },
    "f": { "0": 0, "1": 0, "2": 0, "3": 0, "4": 0 },
    "b": { "0": [0] }
  }
}
